<?xml version="1.0" encoding="UTF-8"?>
<!-- Generated by org.testng.reporters.JUnitXMLReporter -->
<testsuite ignored="0" hostname="Admin-PC" failures="0" tests="15" name="Run on Chrome" time="148.098" errors="0" timestamp="2026-09-20T17:32:08 GMT+07:00">
  <testcase classname="testcases.RegisterTestcase" name="TC_01_Register_Completed" time="4.802"/>
  <testcase classname="testcases.RegisterTestcase" name="TC_01_Register_Completed" time="6.159"/>
  <testcase classname="testcases.RegisterTestcase" name="TC_02_Register_Null_Data" time="6.145"/>
  <testcase classname="testcases.RegisterTestcase" name="TC_03_Register_Null_Lastname" time="2.29"/>
  <testcase classname="testcases.RegisterTestcase" name="TC_04_Register_Null_Firstname" time="2.283"/>
  <testcase classname="testcases.RegisterTestcase" name="TC_05_Register_Null_Email" time="2.406"/>
  <testcase classname="testcases.RegisterTestcase" name="TC_06_Register_Null_Password" time="2.031"/>
  <testcase classname="testcases.RegisterTestcase" name="TC_07_Register_Incorrect_Email" time="4.031"/>
  <testcase classname="testcases.RegisterTestcase" name="TC_07_Register_Incorrect_Email" time="2.163"/>
  <testcase classname="testcases.RegisterTestcase" name="TC_07_Register_Incorrect_Email" time="8.91"/>
  <testcase classname="testcases.RegisterTestcase" name="TC_07_Register_Incorrect_Email" time="4.442"/>
  <testcase classname="testcases.RegisterTestcase" name="TC_07_Register_Incorrect_Email" time="2.334"/>
  <testcase classname="testcases.RegisterTestcase" name="TC_07_Register_Incorrect_Email" time="2.662"/>
  <testcase classname="testcases.RegisterTestcase" name="TC_08_Register_Incorrect_Password" time="7.049"/>
  <testcase classname="testcases.RegisterTestcase" name="TC_08_Register_Incorrect_Password" time="4.416"/>
</testsuite> <!-- Run on Chrome -->
