<?xml version="1.0" encoding="UTF-8"?>
<testng-results ignored="0" total="8" passed="7" failed="1" skipped="0">
  <reporter-output>
  </reporter-output>
  <suite started-at="2026-09-24T20:34:03 GMT+07:00" name="Suite" finished-at="2026-09-24T20:34:40 GMT+07:00" duration-ms="36745">
    <groups>
    </groups>
    <test started-at="2026-09-24T20:34:03 GMT+07:00" name="Run on Chrome" finished-at="2026-09-24T20:34:40 GMT+07:00" duration-ms="36745">
      <class name="testcases.HomeTestcase">
        <test-method is-config="true" signature="beforeMethod()[pri:0, instance:testcases.HomeTestcase@5b1669c0]" started-at="2026-09-24T20:34:03 GMT+07:00" name="beforeMethod" finished-at="2026-09-24T20:34:12 GMT+07:00" duration-ms="8246" status="PASS">
          <reporter-output>
          </reporter-output>
        </test-method> <!-- beforeMethod -->
        <test-method signature="TC_01_Click_Logo_Wrapper()[pri:0, instance:testcases.HomeTestcase@5b1669c0]" started-at="2026-09-24T20:34:12 GMT+07:00" name="TC_01_Click_Logo_Wrapper" finished-at="2026-09-24T20:34:13 GMT+07:00" duration-ms="1538" status="PASS">
          <reporter-output>
          </reporter-output>
        </test-method> <!-- TC_01_Click_Logo_Wrapper -->
        <test-method signature="TC_02_Search_Product(dataObjects.ProductData)[pri:0, instance:testcases.HomeTestcase@5b1669c0]" started-at="2026-09-24T20:34:14 GMT+07:00" name="TC_02_Search_Product" data-provider="getProductData" finished-at="2026-09-24T20:34:17 GMT+07:00" duration-ms="2321" status="PASS">
          <params>
            <param index="0">
              <value>
                <![CDATA[ProductData(nameProduct=Gundam, description=null)]]>
              </value>
            </param>
          </params>
          <reporter-output>
          </reporter-output>
        </test-method> <!-- TC_02_Search_Product -->
        <test-method signature="TC_02_Search_Product(dataObjects.ProductData)[pri:0, instance:testcases.HomeTestcase@5b1669c0]" started-at="2026-09-24T20:34:17 GMT+07:00" name="TC_02_Search_Product" data-provider="getProductData" finished-at="2026-09-24T20:34:18 GMT+07:00" duration-ms="1664" status="PASS">
          <params>
            <param index="0">
              <value>
                <![CDATA[ProductData(nameProduct=Kotobukiya, description=null)]]>
              </value>
            </param>
          </params>
          <reporter-output>
          </reporter-output>
        </test-method> <!-- TC_02_Search_Product -->
        <test-method signature="TC_02_Search_Product(dataObjects.ProductData)[pri:0, instance:testcases.HomeTestcase@5b1669c0]" started-at="2026-09-24T20:34:18 GMT+07:00" name="TC_02_Search_Product" data-provider="getProductData" finished-at="2026-09-24T20:34:20 GMT+07:00" duration-ms="1438" status="PASS">
          <params>
            <param index="0">
              <value>
                <![CDATA[ProductData(nameProduct=Figure, description=null)]]>
              </value>
            </param>
          </params>
          <reporter-output>
          </reporter-output>
        </test-method> <!-- TC_02_Search_Product -->
        <test-method signature="TC_02_Search_Product(dataObjects.ProductData)[pri:0, instance:testcases.HomeTestcase@5b1669c0]" started-at="2026-09-24T20:34:20 GMT+07:00" name="TC_02_Search_Product" data-provider="getProductData" finished-at="2026-09-24T20:34:31 GMT+07:00" duration-ms="11357" status="FAIL">
          <params>
            <param index="0">
              <value>
                <![CDATA[ProductData(nameProduct=Gundam OO Sky, description=Sản phẩm không tồn tại!)]]>
              </value>
            </param>
          </params>
          <exception class="org.openqa.selenium.TimeoutException">
            <message>
              <![CDATA[Expected condition failed: waiting for visibility of element located by By.xpath: //h1[@class='title-head title_search'] (tried for 10 second(s) with 500 milliseconds interval)
Build info: version: '4.20.0', revision: '866c76ca80'
System info: os.name: 'Windows 11', os.arch: 'amd64', os.version: '10.0', java.version: '11.0.30'
Driver info: org.openqa.selenium.chrome.ChromeDriver
Capabilities {acceptInsecureCerts: false, browserName: chrome, browserVersion: 153.0.8010.53, chrome: {chromedriverVersion: 153.0.8010.52 (78e5e45d4bb4..., userDataDir: C:\Users\Admin\AppData\Loca...}, fedcm:accounts: true, goog:chromeOptions: {debuggerAddress: localhost:54823}, goog:processID: 5632, networkConnectionEnabled: false, pageLoadStrategy: normal, platformName: windows, proxy: Proxy(), se:cdp: ws://localhost:54823/devtoo..., se:cdpVersion: 153.0.8010.53, setWindowRect: true, strictFileInteractability: false, timeouts: {implicit: 0, pageLoad: 300000, script: 30000}, unhandledPromptBehavior: dismiss and notify, webauthn:extension:cmtgKey: true, webauthn:extension:credBlob: true, webauthn:extension:largeBlob: true, webauthn:extension:minPinLength: true, webauthn:extension:prf: true, webauthn:virtualAuthenticators: true}
Session ID: d88f44be314c28cf5ec0875cc71ba0a0]]>
            </message>
            <full-stacktrace>
              <![CDATA[org.openqa.selenium.TimeoutException: Expected condition failed: waiting for visibility of element located by By.xpath: //h1[@class='title-head title_search'] (tried for 10 second(s) with 500 milliseconds interval)
Build info: version: '4.20.0', revision: '866c76ca80'
System info: os.name: 'Windows 11', os.arch: 'amd64', os.version: '10.0', java.version: '11.0.30'
Driver info: org.openqa.selenium.chrome.ChromeDriver
Capabilities {acceptInsecureCerts: false, browserName: chrome, browserVersion: 153.0.8010.53, chrome: {chromedriverVersion: 153.0.8010.52 (78e5e45d4bb4..., userDataDir: C:\Users\Admin\AppData\Loca...}, fedcm:accounts: true, goog:chromeOptions: {debuggerAddress: localhost:54823}, goog:processID: 5632, networkConnectionEnabled: false, pageLoadStrategy: normal, platformName: windows, proxy: Proxy(), se:cdp: ws://localhost:54823/devtoo..., se:cdpVersion: 153.0.8010.53, setWindowRect: true, strictFileInteractability: false, timeouts: {implicit: 0, pageLoad: 300000, script: 30000}, unhandledPromptBehavior: dismiss and notify, webauthn:extension:cmtgKey: true, webauthn:extension:credBlob: true, webauthn:extension:largeBlob: true, webauthn:extension:minPinLength: true, webauthn:extension:prf: true, webauthn:virtualAuthenticators: true}
Session ID: d88f44be314c28cf5ec0875cc71ba0a0
at org.openqa.selenium.support.ui.WebDriverWait.timeoutException(WebDriverWait.java:84)
at org.openqa.selenium.support.ui.FluentWait.until(FluentWait.java:228)
at commons.BasePage.waitForElementVisible(BasePage.java:25)
at commons.BasePage.getElementText(BasePage.java:48)
at pageObjects.HomePageObject.displayResultSearchProduct(HomePageObject.java:38)
at testcases.HomeTestcase.TC_02_Search_Product(HomeTestcase.java:37)
at java.base/jdk.internal.reflect.NativeMethodAccessorImpl.invoke0(Native Method)
at java.base/jdk.internal.reflect.NativeMethodAccessorImpl.invoke(NativeMethodAccessorImpl.java:62)
at java.base/jdk.internal.reflect.DelegatingMethodAccessorImpl.invoke(DelegatingMethodAccessorImpl.java:43)
at java.base/java.lang.reflect.Method.invoke(Method.java:566)
at org.testng.internal.invokers.MethodInvocationHelper.invokeMethod(MethodInvocationHelper.java:139)
at org.testng.internal.invokers.TestInvoker.invokeMethod(TestInvoker.java:664)
at org.testng.internal.invokers.TestInvoker.invokeTestMethod(TestInvoker.java:227)
at org.testng.internal.invokers.MethodRunner.runInSequence(MethodRunner.java:50)
at org.testng.internal.invokers.TestInvoker$MethodInvocationAgent.invoke(TestInvoker.java:957)
at org.testng.internal.invokers.TestInvoker.invokeTestMethods(TestInvoker.java:200)
at org.testng.internal.invokers.TestMethodWorker.invokeTestMethods(TestMethodWorker.java:148)
at org.testng.internal.invokers.TestMethodWorker.run(TestMethodWorker.java:128)
at java.base/java.util.ArrayList.forEach(ArrayList.java:1541)
at org.testng.TestRunner.privateRun(TestRunner.java:848)
at org.testng.TestRunner.run(TestRunner.java:621)
at org.testng.SuiteRunner.runTest(SuiteRunner.java:443)
at org.testng.SuiteRunner.runSequentially(SuiteRunner.java:437)
at org.testng.SuiteRunner.privateRun(SuiteRunner.java:397)
at org.testng.SuiteRunner.run(SuiteRunner.java:336)
at org.testng.SuiteRunnerWorker.runSuite(SuiteRunnerWorker.java:52)
at org.testng.SuiteRunnerWorker.run(SuiteRunnerWorker.java:95)
at org.testng.TestNG.runSuitesSequentially(TestNG.java:1280)
at org.testng.TestNG.runSuitesLocally(TestNG.java:1200)
at org.testng.TestNG.runSuites(TestNG.java:1114)
at org.testng.TestNG.run(TestNG.java:1082)
at org.testng.remote.AbstractRemoteTestNG.run(AbstractRemoteTestNG.java:115)
at org.testng.remote.RemoteTestNG.initAndRun(RemoteTestNG.java:251)
at org.testng.remote.RemoteTestNG.main(RemoteTestNG.java:77)
]]>
            </full-stacktrace>
          </exception> <!-- org.openqa.selenium.TimeoutException -->
          <reporter-output>
          </reporter-output>
        </test-method> <!-- TC_02_Search_Product -->
        <test-method signature="TC_02_Search_Product(dataObjects.ProductData)[pri:0, instance:testcases.HomeTestcase@5b1669c0]" started-at="2026-09-24T20:34:31 GMT+07:00" name="TC_02_Search_Product" data-provider="getProductData" finished-at="2026-09-24T20:34:34 GMT+07:00" duration-ms="2398" status="PASS">
          <params>
            <param index="0">
              <value>
                <![CDATA[ProductData(nameProduct=Gundam, description=null)]]>
              </value>
            </param>
          </params>
          <reporter-output>
          </reporter-output>
        </test-method> <!-- TC_02_Search_Product -->
        <test-method signature="TC_03_Click_Product_Detail()[pri:0, instance:testcases.HomeTestcase@5b1669c0]" started-at="2026-09-24T20:34:34 GMT+07:00" name="TC_03_Click_Product_Detail" finished-at="2026-09-24T20:34:36 GMT+07:00" duration-ms="2508" status="PASS">
          <reporter-output>
          </reporter-output>
        </test-method> <!-- TC_03_Click_Product_Detail -->
        <test-method signature="TC_04_Hover_And_Click_Category()[pri:0, instance:testcases.HomeTestcase@5b1669c0]" started-at="2026-09-24T20:34:36 GMT+07:00" name="TC_04_Hover_And_Click_Category" finished-at="2026-09-24T20:34:40 GMT+07:00" duration-ms="3437" status="PASS">
          <reporter-output>
          </reporter-output>
        </test-method> <!-- TC_04_Hover_And_Click_Category -->
      </class> <!-- testcases.HomeTestcase -->
    </test> <!-- Run on Chrome -->
  </suite> <!-- Suite -->
</testng-results>
