<?xml version="1.0" encoding="UTF-8"?>
<!-- Generated by org.testng.reporters.JUnitReportReporter -->
<testsuite hostname="Admin-PC" failures="0" tests="3" name="testcases.RegisterTestcase" time="29.471" errors="0" timestamp="2026-09-18T08:43:51 GMT+07:00" skipped="0">
  <testcase classname="testcases.RegisterTestcase" name="TC_01_Register_Completed" time="9.837"/>
  <testcase classname="testcases.RegisterTestcase" name="TC_01_Register_Completed" time="12.094"/>
  <testcase classname="testcases.RegisterTestcase" name="TC_02_Register_Null_Data" time="7.540"/>
</testsuite> <!-- testcases.RegisterTestcase -->
