<?xml version="1.0" encoding="UTF-8"?>
<!-- Generated by org.testng.reporters.JUnitReportReporter -->
<testsuite hostname="Admin-PC" failures="0" tests="11" name="testcases.LoginTestcase" time="128.983" errors="0" timestamp="2026-09-18T10:55:59 GMT+07:00" skipped="0">
  <testcase classname="testcases.LoginTestcase" name="TC_01_Login_Completed" time="17.798"/>
  <testcase classname="testcases.LoginTestcase" name="TC_02_Login_Null_Data" time="12.711"/>
  <testcase classname="testcases.LoginTestcase" name="TC_05_Incorrect_Login_Data" time="5.816"/>
  <testcase classname="testcases.LoginTestcase" name="TC_01_Login_Completed" time="9.487"/>
  <testcase classname="testcases.LoginTestcase" name="TC_03_Login_Null_Email" time="8.558"/>
  <testcase classname="testcases.LoginTestcase" name="TC_04_Login_Null_Password" time="5.188"/>
  <testcase classname="testcases.LoginTestcase" name="TC_01_Login_Completed" time="21.803"/>
  <testcase classname="testcases.LoginTestcase" name="TC_05_Incorrect_Login_Data" time="9.074"/>
  <testcase classname="testcases.LoginTestcase" name="TC_05_Incorrect_Login_Data" time="7.881"/>
  <testcase classname="testcases.LoginTestcase" name="TC_01_Login_Completed" time="20.896"/>
  <testcase classname="testcases.LoginTestcase" name="TC_05_Incorrect_Login_Data" time="9.771"/>
</testsuite> <!-- testcases.LoginTestcase -->
