<?xml version="1.0" encoding="UTF-8"?>
<!-- Generated by org.testng.reporters.JUnitReportReporter -->
<testsuite hostname="Admin-PC" failures="0" tests="10" name="testcases.LoginTestcase" time="61.561" errors="0" timestamp="2026-09-24T16:46:08 GMT+07:00" skipped="0">
  <testcase classname="testcases.LoginTestcase" name="TC_05_Incorrect_Login_Data" time="3.574"/>
  <testcase classname="testcases.LoginTestcase" name="TC_05_Incorrect_Login_Data" time="6.379"/>
  <testcase classname="testcases.LoginTestcase" name="TC_02_Login_Null_Data" time="5.364"/>
  <testcase classname="testcases.LoginTestcase" name="TC_01_Login_Completed" time="6.730"/>
  <testcase classname="testcases.LoginTestcase" name="TC_01_Login_Completed" time="7.016"/>
  <testcase classname="testcases.LoginTestcase" name="TC_03_Login_Null_Email" time="5.677"/>
  <testcase classname="testcases.LoginTestcase" name="TC_05_Incorrect_Login_Data" time="8.261"/>
  <testcase classname="testcases.LoginTestcase" name="TC_01_Login_Completed" time="7.428"/>
  <testcase classname="testcases.LoginTestcase" name="TC_01_Login_Completed" time="5.421"/>
  <testcase classname="testcases.LoginTestcase" name="TC_04_Login_Null_Password" time="5.711"/>
</testsuite> <!-- testcases.LoginTestcase -->
