<?xml version="1.0" encoding="UTF-8"?>
<!-- Generated by org.testng.reporters.JUnitReportReporter -->
<testsuite hostname="Admin-PC" failures="0" tests="18" name="testcases.RegisterTestcase" time="190.071" errors="0" timestamp="2026-09-24T16:46:08 GMT+07:00" skipped="0">
  <testcase classname="testcases.RegisterTestcase" name="TC_08_Register_Incorrect_Password" time="12.003"/>
  <testcase classname="testcases.RegisterTestcase" name="TC_06_Register_Null_Password" time="9.404"/>
  <testcase classname="testcases.RegisterTestcase" name="TC_07_Register_Incorrect_Email" time="10.334"/>
  <testcase classname="testcases.RegisterTestcase" name="TC_07_Register_Incorrect_Email" time="8.439"/>
  <testcase classname="testcases.RegisterTestcase" name="TC_01_Register_Completed" time="8.911"/>
  <testcase classname="testcases.RegisterTestcase" name="TC_07_Register_Incorrect_Email" time="12.109"/>
  <testcase classname="testcases.RegisterTestcase" name="TC_08_Register_Incorrect_Password" time="10.446"/>
  <testcase classname="testcases.RegisterTestcase" name="TC_01_Register_Completed" time="14.571"/>
  <testcase classname="testcases.RegisterTestcase" name="TC_05_Register_Null_Email" time="10.188"/>
  <testcase classname="testcases.RegisterTestcase" name="TC_02_Register_Null_Data" time="10.929"/>
  <testcase classname="testcases.RegisterTestcase" name="TC_08_Register_Incorrect_Password" time="14.088"/>
  <testcase classname="testcases.RegisterTestcase" name="TC_07_Register_Incorrect_Email" time="8.630"/>
  <testcase classname="testcases.RegisterTestcase" name="TC_07_Register_Incorrect_Email" time="13.063"/>
  <testcase classname="testcases.RegisterTestcase" name="TC_03_Register_Null_Lastname" time="10.022"/>
  <testcase classname="testcases.RegisterTestcase" name="TC_04_Register_Null_Firstname" time="9.165"/>
  <testcase classname="testcases.RegisterTestcase" name="TC_08_Register_Incorrect_Password" time="9.568"/>
  <testcase classname="testcases.RegisterTestcase" name="TC_07_Register_Incorrect_Email" time="8.756"/>
  <testcase classname="testcases.RegisterTestcase" name="TC_07_Register_Incorrect_Email" time="9.445"/>
</testsuite> <!-- testcases.RegisterTestcase -->
